[0m19:23:27.306331 [debug] [MainThread]: Sending event: {'category': 'dbt', 'action': 'invocation', 'label': 'start', 'context': [<snowplow_tracker.self_describing_json.SelfDescribingJson object at 0x1113ab080>, <snowplow_tracker.self_describing_json.SelfDescribingJson object at 0x113d26510>, <snowplow_tracker.self_describing_json.SelfDescribingJson object at 0x113d26240>]}


============================== 19:23:27.323106 | be8752a5-76ef-4933-a958-e622d5b9ab9f ==============================
[0m19:23:27.323106 [info ] [MainThread]: Running with dbt=1.11.2
[0m19:23:27.323390 [debug] [MainThread]: running dbt with arguments {'warn_error_options': 'WarnErrorOptionsV2(error=[], warn=[], silence=[])', 'version_check': 'True', 'warn_error': 'None', 'no_print': 'None', 'write_json': 'True', 'log_format': 'default', 'fail_fast': 'False', 'use_colors': 'True', 'log_cache_events': 'False', 'target_path': 'None', 'printer_width': '80', 'introspect': 'True', 'empty': 'None', 'cache_selected_only': 'False', 'indirect_selection': 'eager', 'profiles_dir': '/Users/joshumme/.dbt', 'log_path': 'logs', 'use_experimental_parser': 'False', 'send_anonymous_usage_stats': 'True', 'partial_parse': 'True', 'invocation_command': 'dbt init --skip-profile-setup airbnb', 'static_parser': 'True', 'quiet': 'False', 'debug': 'False'}
[0m19:23:27.350488 [info ] [MainThread]: Creating dbt configuration folder at /Users/joshumme/.dbt
[0m19:23:27.351642 [debug] [MainThread]: Starter project path: /Users/joshumme/Documents/dbt-project/.venv/lib/python3.12/site-packages/dbt/include/starter_project
[0m19:23:27.355351 [info ] [MainThread]: 
Your new dbt project "airbnb" was created!

For more information on how to configure the profiles.yml file,
please consult the dbt documentation here:

  https://docs.getdbt.com/docs/configure-your-profile

One more thing:

Need help? Don't hesitate to reach out to us via GitHub issues or on Slack:

  https://community.getdbt.com/

Happy modeling!

[0m19:23:27.357470 [debug] [MainThread]: Resource report: {"command_name": "init", "command_success": true, "command_wall_clock_time": 0.089346625, "process_in_blocks": "0", "process_kernel_time": 0.326474, "process_mem_max_rss": "152109056", "process_out_blocks": "0", "process_user_time": 1.43128}
[0m19:23:27.357709 [debug] [MainThread]: Command `dbt init` succeeded at 19:23:27.357666 after 0.09 seconds
[0m19:23:27.357872 [debug] [MainThread]: Sending event: {'category': 'dbt', 'action': 'invocation', 'label': 'end', 'context': [<snowplow_tracker.self_describing_json.SelfDescribingJson object at 0x112d72540>, <snowplow_tracker.self_describing_json.SelfDescribingJson object at 0x111b19850>, <snowplow_tracker.self_describing_json.SelfDescribingJson object at 0x103556c90>]}
[0m19:23:27.358045 [debug] [MainThread]: Flushing usage events
[0m19:23:28.848927 [debug] [MainThread]: An error was encountered while trying to flush usage events
[0m19:34:37.891755 [debug] [MainThread]: Sending event: {'category': 'dbt', 'action': 'invocation', 'label': 'start', 'context': [<snowplow_tracker.self_describing_json.SelfDescribingJson object at 0x11bf7cc50>, <snowplow_tracker.self_describing_json.SelfDescribingJson object at 0x11c7227e0>, <snowplow_tracker.self_describing_json.SelfDescribingJson object at 0x11c722540>]}


============================== 19:34:37.894174 | 6b47d9b7-ffe5-434d-8181-652f9183f5df ==============================
[0m19:34:37.894174 [info ] [MainThread]: Running with dbt=1.11.2
[0m19:34:37.894437 [debug] [MainThread]: running dbt with arguments {'use_colors': 'True', 'log_cache_events': 'False', 'fail_fast': 'False', 'cache_selected_only': 'False', 'printer_width': '80', 'debug': 'False', 'write_json': 'True', 'profiles_dir': '/Users/joshumme/.dbt', 'introspect': 'True', 'invocation_command': 'dbt run', 'log_path': 'logs', 'use_experimental_parser': 'False', 'quiet': 'False', 'static_parser': 'True', 'warn_error_options': 'WarnErrorOptionsV2(error=[], warn=[], silence=[])', 'target_path': 'None', 'log_format': 'default', 'send_anonymous_usage_stats': 'True', 'indirect_selection': 'eager', 'empty': 'False', 'partial_parse': 'True', 'no_print': 'None', 'version_check': 'True', 'warn_error': 'None'}
[0m19:34:37.894700 [error] [MainThread]: Encountered an error:
Runtime Error
  No dbt_project.yml found at expected path /Users/joshumme/Documents/dbt-project/dbt_project.yml
  Verify that each entry within packages.yml (and their transitive dependencies) contains a file named dbt_project.yml
  
[0m19:34:37.896499 [debug] [MainThread]: Resource report: {"command_name": "run", "command_success": false, "command_wall_clock_time": 0.038819626, "process_in_blocks": "0", "process_kernel_time": 0.109465, "process_mem_max_rss": "111706112", "process_out_blocks": "0", "process_user_time": 0.568948}
[0m19:34:37.896703 [debug] [MainThread]: Command `dbt run` failed at 19:34:37.896667 after 0.04 seconds
[0m19:34:37.896836 [debug] [MainThread]: Sending event: {'category': 'dbt', 'action': 'invocation', 'label': 'end', 'context': [<snowplow_tracker.self_describing_json.SelfDescribingJson object at 0x105332bd0>, <snowplow_tracker.self_describing_json.SelfDescribingJson object at 0x11bfaede0>, <snowplow_tracker.self_describing_json.SelfDescribingJson object at 0x11c722870>]}
[0m19:34:37.896961 [debug] [MainThread]: Flushing usage events
[0m19:34:39.231638 [debug] [MainThread]: An error was encountered while trying to flush usage events
